<?xml version="1.0" encoding="UTF-8"?>
<testng-results ignored="0" total="1" passed="1" failed="0" skipped="0">
  <reporter-output>
  </reporter-output>
  <suite started-at="2025-06-24T13:09:18 IST" name="Default suite" finished-at="2025-06-24T13:09:18 IST" duration-ms="28">
    <groups>
    </groups>
    <test started-at="2025-06-24T13:09:18 IST" name="Default test" finished-at="2025-06-24T13:09:18 IST" duration-ms="28">
      <class name="com.AppTesting.DriverSession_1.FirstAppiumSessionUsingDesiredCapabilities">
        <test-method signature="testAppiumDriverSession()[pri:0, instance:com.AppTesting.DriverSession_1.FirstAppiumSessionUsingDesiredCapabilities@1033576a]" started-at="2025-06-24T13:09:18 IST" name="testAppiumDriverSession" finished-at="2025-06-24T13:09:18 IST" duration-ms="6" status="PASS">
          <reporter-output>
          </reporter-output>
        </test-method> <!-- testAppiumDriverSession -->
      </class> <!-- com.AppTesting.DriverSession_1.FirstAppiumSessionUsingDesiredCapabilities -->
    </test> <!-- Default test -->
  </suite> <!-- Default suite -->
</testng-results>
